<?xml version="1.0" encoding="UTF-8"?>
<!-- Generated by org.testng.reporters.JUnitXMLReporter -->
<testsuite ignored="2" hostname="LAPTOP-79SVG1A0" failures="0" tests="6" name="Car Loan" time="0.105" errors="0" timestamp="2025-02-05T20:50:37 ICT">
  <testcase classname="test.day3" name="MobileDataTest" time="0.011"/>
  <testcase classname="test.day3" name="MobileDataTest" time="0.002"/>
  <testcase classname="test.day3" name="MobileDataTest" time="0.001"/>
  <testcase classname="test.day3" name="MobileloginCarLoan" time="0.002"/>
  <testcase classname="test.day3" name="MobilesignoutCarLoan" time="0.005"/>
  <testcase classname="test.day3" name="webloginCarLoan" time="0.002"/>
  <testcase classname="test.day3" name="APICarLoan" time="0.0">
    <ignored/>
  </testcase> <!-- APICarLoan -->
  <testcase classname="test.day3" name="MobilesigninCarLoan" time="0.0">
    <ignored/>
  </testcase> <!-- MobilesigninCarLoan -->
</testsuite> <!-- Car Loan -->
