<?xml version="1.0" encoding="UTF-8"?>
<!-- Generated by org.testng.reporters.JUnitXMLReporter -->
<testsuite ignored="3" hostname="LAPTOP-79SVG1A0" failures="0" tests="8" name="Regression" time="0.089" errors="0" timestamp="2025-02-05T18:02:22 ICT">
  <testcase classname="test.day1" name="Demo" time="0.009"/>
  <testcase classname="test.day1" name="SecondTest" time="0.002"/>
  <testcase classname="test.day4" name="loginAPIHomeLoan" time="0.002"/>
  <testcase classname="test.day4" name="webloginHomeLoan" time="0.001"/>
  <testcase classname="test.day3" name="APICarLoan" time="0.003"/>
  <testcase classname="test.day3" name="MobilesigninCarLoan" time="0.002"/>
  <testcase classname="test.day3" name="MobilesignoutCarLoan" time="0.001"/>
  <testcase classname="test.day3" name="webloginCarLoan" time="0.001"/>
  <testcase classname="test.day4" name="MobileloginHomeLoan" time="0.0">
    <ignored/>
  </testcase> <!-- MobileloginHomeLoan -->
  <testcase classname="test.day2" name="ploan" time="0.0">
    <ignored/>
  </testcase> <!-- ploan -->
  <testcase classname="test.day3" name="MobileloginCarLoan" time="0.0">
    <ignored/>
  </testcase> <!-- MobileloginCarLoan -->
</testsuite> <!-- Regression -->
